<?xml version="1.0" encoding="UTF-8"?>
<testsuite name="voice.prove.concept.runners.VoiceRunner" tests="0" skipped="0" failures="0" errors="0" timestamp="1970-01-01T00:00:00" hostname="dcardenas-mbp" time="0.0">
  <properties/>
  <system-out><![CDATA[
1 Scenarios (1 passed)
3 Steps (3 passed)
0m10.352s


]]></system-out>
  <system-err><![CDATA[Apr 13, 2020 2:17:12 PM net.masterthought.cucumber.ReportParser parseJsonFiles
INFO: File '/var/folders/z0/v1c1pfdn0vgf5y4lz4flygnm0000gn/T/cucumber3461746003224495336.json' contains 1 features
]]></system-err>
</testsuite>
